<?xml version="1.0" encoding="UTF-8"?>
<!-- Generated by org.testng.reporters.JUnitReportReporter -->
<testsuite hostname="DESKTOP-V4HGLIE" failures="0" tests="1" name="Scripts.Tc1" time="0.010" errors="0" timestamp="2022-12-28T16:08:08 IST" skipped="0">
  <testcase classname="Scripts.Tc1" name="demo" time="0.010"/>
  <system-out>
    <![CDATA[hello java]]>
  </system-out>
</testsuite> <!-- Scripts.Tc1 -->
