<?xml version="1.0" encoding="UTF-8"?>
<!-- Generated by org.testng.reporters.JUnitReportReporter -->
<testsuite hostname="DESKTOP-V4HGLIE" failures="0" tests="1" name="Scripts.Tc4" time="0.003" errors="0" timestamp="2022-12-28T16:08:08 IST" skipped="0">
  <testcase classname="Scripts.Tc4" name="demo" time="0.003"/>
  <system-out>
    <![CDATA[hello python_selenium]]>
  </system-out>
</testsuite> <!-- Scripts.Tc4 -->
